-------------------------------------------------------------------------------
Test set: com.mycompany.registration1.Login1Test
-------------------------------------------------------------------------------
Tests run: 1, Failures: 1, Errors: 0, Skipped: 0, Time elapsed: 0.085 s <<< FAILURE! -- in com.mycompany.registration1.Login1Test
com.mycompany.registration1.Login1Test.testReturnLoginStatus -- Time elapsed: 0.042 s <<< FAILURE!
org.opentest4j.AssertionFailedError: 
expected: <> but was: <A failed login
Username or Password incorrect, please try again.>
	at org.junit.jupiter.api.AssertionFailureBuilder.build(AssertionFailureBuilder.java:151)
	at org.junit.jupiter.api.AssertionFailureBuilder.buildAndThrow(AssertionFailureBuilder.java:132)
	at org.junit.jupiter.api.AssertEquals.failNotEqual(AssertEquals.java:197)
	at org.junit.jupiter.api.AssertEquals.assertEquals(AssertEquals.java:182)
	at org.junit.jupiter.api.AssertEquals.assertEquals(AssertEquals.java:177)
	at org.junit.jupiter.api.Assertions.assertEquals(Assertions.java:1145)
	at com.mycompany.registration1.Login1Test.testReturnLoginStatus(Login1Test.java:109)
	at java.base/java.lang.reflect.Method.invoke(Method.java:565)
	at java.base/java.util.ArrayList.forEach(ArrayList.java:1604)
	at java.base/java.util.ArrayList.forEach(ArrayList.java:1604)

